<?xml version="1.0" encoding="UTF-8"?>
<!-- Generated by org.testng.reporters.JUnitReportReporter -->
<testsuite hostname="DESKTOP-IKAR8UA" failures="0" tests="2" name="practice.practiceproject.HomePage" time="11.541" errors="0" timestamp="2021-09-02T19:26:08 IST" skipped="0">
  <testcase classname="practice.practiceproject.HomePage" name="ValidateHome" time="8.075"/>
  <system-out/>
  <testcase classname="practice.practiceproject.HomePage" name="ValidateHome" time="3.466"/>
  <system-out/>
</testsuite> <!-- practice.practiceproject.HomePage -->
