<?xml version="1.0" encoding="UTF-8"?>
<!-- Generated by org.testng.reporters.JUnitReportReporter -->
<testsuite hostname="DESKTOP-IKAR8UA" failures="0" tests="1" name="practice.practiceproject.BusValidation" time="8.033" errors="0" timestamp="2021-09-03T10:46:31 IST" skipped="0">
  <testcase classname="practice.practiceproject.BusValidation" name="validateBus" time="8.033"/>
  <system-out/>
</testsuite> <!-- practice.practiceproject.BusValidation -->
