<?xml version="1.0" encoding="UTF-8"?>
<!-- Generated by org.testng.reporters.JUnitReportReporter -->
<testsuite hostname="DESKTOP-IKAR8UA" failures="0" tests="1" name="practice.practiceproject.AppTest" time="0.014" errors="0" timestamp="2021-09-03T10:19:29 IST" skipped="0">
  <testcase classname="practice.practiceproject.AppTest" name="s" time="0.014"/>
  <system-out/>
</testsuite> <!-- practice.practiceproject.AppTest -->
