<?xml version="1.0" encoding="UTF-8"?>
<!-- Generated by org.testng.reporters.JUnitReportReporter -->
<testsuite hostname="DESKTOP-IKAR8UA" failures="0" tests="1" name="practice.practiceproject.OfferValidation" time="0.770" errors="0" timestamp="2021-09-13T14:26:11 IST" skipped="0">
  <testcase classname="practice.practiceproject.OfferValidation" name="ValidateOffers" time="0.770"/>
  <system-out/>
</testsuite> <!-- practice.practiceproject.OfferValidation -->
