<?xml version="1.0" encoding="UTF-8"?>
<!-- Generated by org.testng.reporters.JUnitReportReporter -->
<testsuite hostname="DESKTOP-IKAR8UA" failures="0" tests="1" name="practice.practiceproject.TitleValidation" time="2.903" errors="0" timestamp="2021-10-18T16:46:23 IST" skipped="0">
  <testcase classname="practice.practiceproject.TitleValidation" name="ValidateTitle" time="2.903"/>
  <system-out/>
</testsuite> <!-- practice.practiceproject.TitleValidation -->
